■ Raspi-4のデータベース
(py_visualize) $ python PlotWeatherCompPrevYear_psycopg2.py --device-name esp8266_1 --year-month 2023-08 --db-host raspi-4
DEBUG <connection object at 0x7f6444e64cc0; dsn: 'user=developer password=xxx dbname=sensors_pgdb host=raspi-4.local port=5432', closed: 0>
DEBUG tuple_list.size 4584
INFO esp8266_1[2023-08]: 4584
INFO         measurement_time  temp_out  humid  pressure
0    2023-08-01 00:07:04      21.6   58.7    1006.8
1    2023-08-01 00:16:48      21.7   59.1    1006.8
2    2023-08-01 00:26:33      21.8   58.7    1006.9
3    2023-08-01 00:36:17      21.7   58.5    1007.0
4    2023-08-01 00:46:01      21.4   59.5    1007.0
...                  ...       ...    ...       ...
4579 2023-08-31 23:20:51      24.5   74.6    1008.5
4580 2023-08-31 23:30:36      24.5   74.6    1008.5
4581 2023-08-31 23:40:20      24.3   75.9    1008.4
4582 2023-08-31 23:50:04      24.2   76.7    1008.3
4583 2023-08-31 23:59:48      24.2   77.0    1008.1

[4584 rows x 4 columns]
DEBUG tuple_list.size 4579
INFO esp8266_1[2022-08]: 4579
INFO         measurement_time  temp_out  humid  pressure
0    2022-08-01 00:01:44      24.4   70.1    1008.9
1    2022-08-01 00:11:29      24.0   69.8    1008.7
2    2022-08-01 00:21:13      24.0   69.3    1008.7
3    2022-08-01 00:30:58      23.9   69.2    1008.9
4    2022-08-01 00:40:42      23.8   68.9    1009.0
...                  ...       ...    ...       ...
4574 2022-08-31 23:20:20      17.3   65.1    1002.0
4575 2022-08-31 23:30:04      17.4   65.3    1002.1
4576 2022-08-31 23:39:48      17.4   65.7    1002.1
4577 2022-08-31 23:49:33      17.4   65.5    1002.4
4578 2022-08-31 23:59:16      17.4   65.5    1002.4

[4579 rows x 4 columns]
DEBUG         measurement_time  temp_out  humid  pressure prev_plot_measurement_time
0    2022-08-01 00:01:44      24.4   70.1    1008.9        2023-08-01 00:01:44
1    2022-08-01 00:11:29      24.0   69.8    1008.7        2023-08-01 00:11:29
2    2022-08-01 00:21:13      24.0   69.3    1008.7        2023-08-01 00:21:13
3    2022-08-01 00:30:58      23.9   69.2    1008.9        2023-08-01 00:30:58
4    2022-08-01 00:40:42      23.8   68.9    1009.0        2023-08-01 00:40:42
...                  ...       ...    ...       ...                        ...
4574 2022-08-31 23:20:20      17.3   65.1    1002.0        2023-08-31 23:20:20
4575 2022-08-31 23:30:04      17.4   65.3    1002.1        2023-08-31 23:30:04
4576 2022-08-31 23:39:48      17.4   65.7    1002.1        2023-08-31 23:39:48
4577 2022-08-31 23:49:33      17.4   65.5    1002.4        2023-08-31 23:49:33
4578 2022-08-31 23:59:16      17.4   65.5    1002.4        2023-08-31 23:59:16

[4579 rows x 5 columns]
INFO fig: Figure(980x640)
DEBUG data.len: 261568
INFO output/PlotWeatherCompPrevYear_psycopg2.html
DEBUG Close <connection object at 0x7f6444e64cc0; dsn: 'user=developer password=xxx dbname=sensors_pgdb host=raspi-4.local port=5432', closed: 0>

■ 開発機のデータベース
(py_visualize) $ python PlotWeatherCompPrevYear_psycopg2.py --device-name esp8266_1 --year-month 2023-08
DEBUG <connection object at 0x7faf97f5ce00; dsn: 'user=developer password=xxx dbname=sensors_pgdb host=Dell-T7500.local port=5432', closed: 0>
DEBUG tuple_list.size 4584
INFO esp8266_1[2023-08]: 4584
INFO         measurement_time  temp_out  humid  pressure
0    2023-08-01 00:07:04      21.6   58.7    1006.8
1    2023-08-01 00:16:48      21.7   59.1    1006.8
2    2023-08-01 00:26:33      21.8   58.7    1006.9
3    2023-08-01 00:36:17      21.7   58.5    1007.0
4    2023-08-01 00:46:01      21.4   59.5    1007.0
...                  ...       ...    ...       ...
4579 2023-08-31 23:20:51      24.5   74.6    1008.5
4580 2023-08-31 23:30:36      24.5   74.6    1008.5
4581 2023-08-31 23:40:20      24.3   75.9    1008.4
4582 2023-08-31 23:50:04      24.2   76.7    1008.3
4583 2023-08-31 23:59:48      24.2   77.0    1008.1

[4584 rows x 4 columns]
DEBUG tuple_list.size 4579
INFO esp8266_1[2022-08]: 4579
INFO         measurement_time  temp_out  humid  pressure
0    2022-08-01 00:01:44      24.4   70.1    1008.9
1    2022-08-01 00:11:29      24.0   69.8    1008.7
2    2022-08-01 00:21:13      24.0   69.3    1008.7
3    2022-08-01 00:30:58      23.9   69.2    1008.9
4    2022-08-01 00:40:42      23.8   68.9    1009.0
...                  ...       ...    ...       ...
4574 2022-08-31 23:20:20      17.3   65.1    1002.0
4575 2022-08-31 23:30:04      17.4   65.3    1002.1
4576 2022-08-31 23:39:48      17.4   65.7    1002.1
4577 2022-08-31 23:49:33      17.4   65.5    1002.4
4578 2022-08-31 23:59:16      17.4   65.5    1002.4

[4579 rows x 4 columns]
DEBUG         measurement_time  temp_out  humid  pressure prev_plot_measurement_time
0    2022-08-01 00:01:44      24.4   70.1    1008.9        2023-08-01 00:01:44
1    2022-08-01 00:11:29      24.0   69.8    1008.7        2023-08-01 00:11:29
2    2022-08-01 00:21:13      24.0   69.3    1008.7        2023-08-01 00:21:13
3    2022-08-01 00:30:58      23.9   69.2    1008.9        2023-08-01 00:30:58
4    2022-08-01 00:40:42      23.8   68.9    1009.0        2023-08-01 00:40:42
...                  ...       ...    ...       ...                        ...
4574 2022-08-31 23:20:20      17.3   65.1    1002.0        2023-08-31 23:20:20
4575 2022-08-31 23:30:04      17.4   65.3    1002.1        2023-08-31 23:30:04
4576 2022-08-31 23:39:48      17.4   65.7    1002.1        2023-08-31 23:39:48
4577 2022-08-31 23:49:33      17.4   65.5    1002.4        2023-08-31 23:49:33
4578 2022-08-31 23:59:16      17.4   65.5    1002.4        2023-08-31 23:59:16

[4579 rows x 5 columns]
INFO fig: Figure(980x640)
DEBUG data.len: 261568
INFO output/PlotWeatherCompPrevYear_psycopg2.html
DEBUG Close <connection object at 0x7faf97f5ce00; dsn: 'user=developer password=xxx dbname=sensors_pgdb host=Dell-T7500.local port=5432', closed: 0>

