(py_healthcare_tool) $ python PlotSleepManBar2Plot_3_pandas_month.py --year-month 2023-03 --sleep-man datas/csv/sleep_management_202303.csv --noct-fact datas/csv/nocturia_factors_202303.csv 
INFO Namespace(year_month='2023-03', sleep_man='datas/csv/sleep_management_202303.csv', noct_fact='datas/csv/nocturia_factors_202303.csv')
INFO (26, 5)
INFO                 wakeup_time  sleep_score  sleeping_time  deep_sleeping_time  midnight_toilet_visits bed_time
measurement_day                                                                                             
2023-03-01            05:30         83.0            360                50.0                       0    23:30
2023-03-02            05:30         79.0            400                50.0                       3    22:50
2023-03-03            05:30         93.0            470                80.0                       1    21:40
2023-03-04            06:15         83.0            420                60.0                       2    23:15
2023-03-06            05:30         84.0            430                80.0                       4    22:20
2023-03-10            05:30         70.0            400                50.0                       1    22:50
2023-03-11            06:10         76.0            300                50.0                       2    01:10
2023-03-13            05:30         81.0            410                50.0                       2    22:40
2023-03-14            05:30         86.0            410                50.0                       1    22:40
2023-03-15            05:30         68.0            320                50.0                       4    00:10
2023-03-16            05:30         86.0            390                50.0                       1    23:00
2023-03-17            05:30         84.0            380                50.0                       1    23:10
2023-03-18            06:20         68.0            380                40.0                       5    00:00
2023-03-19            05:30         64.0            320                30.0                       2    00:10
2023-03-20            05:20         84.0            380                70.0                       2    23:00
2023-03-21            05:15          NaN            340                 NaN                       2    23:35
2023-03-22            05:30         71.0            330                40.0                       2    00:00
2023-03-23            05:00         80.0            360                50.0                       2    23:00
2023-03-24            05:30         71.0            370                20.0                       1    23:20
2023-03-25            06:15         76.0            410                50.0                       3    23:25
2023-03-26            06:15         77.0            430                40.0                       2    23:05
2023-03-27            05:00         78.0            480                60.0                       4    21:00
2023-03-28            05:00         79.0            370                50.0                       2    22:50
2023-03-29            05:00         71.0            300                50.0                       2    00:00
2023-03-30            05:10         90.0            380                70.0                       5    22:50
2023-03-31            04:50         82.0            360                40.0                       1    22:50
INFO DatetimeIndex(['2023-03-01', '2023-03-02', '2023-03-03', '2023-03-04',
               '2023-03-06', '2023-03-10', '2023-03-11', '2023-03-13',
               '2023-03-14', '2023-03-15', '2023-03-16', '2023-03-17',
               '2023-03-18', '2023-03-19', '2023-03-20', '2023-03-21',
               '2023-03-22', '2023-03-23', '2023-03-24', '2023-03-25',
               '2023-03-26', '2023-03-27', '2023-03-28', '2023-03-29',
               '2023-03-30', '2023-03-31'],
              dtype='datetime64[ns]', name='measurement_day', freq=None)
INFO org_dataSize:26
INFO 26 < endDay: 31
INFO (31, 6)
INFO                 wakeup_time  sleep_score  sleeping_time  deep_sleeping_time  midnight_toilet_visits bed_time
measurement_day                                                                                             
2023-03-01            05:30         83.0          360.0                50.0                     0.0    23:30
2023-03-02            05:30         79.0          400.0                50.0                     3.0    22:50
2023-03-03            05:30         93.0          470.0                80.0                     1.0    21:40
2023-03-04            06:15         83.0          420.0                60.0                     2.0    23:15
2023-03-05              NaN          NaN            NaN                 NaN                     NaN      NaN
2023-03-06            05:30         84.0          430.0                80.0                     4.0    22:20
2023-03-07              NaN          NaN            NaN                 NaN                     NaN      NaN
2023-03-08              NaN          NaN            NaN                 NaN                     NaN      NaN
2023-03-09              NaN          NaN            NaN                 NaN                     NaN      NaN
2023-03-10            05:30         70.0          400.0                50.0                     1.0    22:50
2023-03-11            06:10    py_healthcare_tool) yukio@Dell-T7500:~/py_project/healthcare$ python PlotSleepManBar2Plot_3_pandas_month.py --year-month 2023-03 --sleep-man datas/csv/sleep_management_202303.csv --noct-fact datas/csv/nocturia_factors_202303.csv 
INFO Namespace(year_month='2023-03', sleep_man='datas/csv/sleep_management_202303.csv', noct_fact='datas/csv/nocturia_factors_202303.csv')
INFO (26, 5)
INFO                 wakeup_time  sleep_score  sleeping_time  deep_sleeping_time  midnight_toilet_visits bed_time
measurement_day                                                                                             
2023-03-01            05:30         83.0            360                50.0                       0    23:30
2023-03-02            05:30         79.0            400                50.0                       3    22:50
2023-03-03            05:30         93.0            470                80.0                       1    21:40
2023-03-04            06:15         83.0            420                60.0                       2    23:15
2023-03-06            05:30         84.0            430                80.0                       4    22:20
2023-03-10            05:30         70.0            400                50.0                       1    22:50
2023-03-11            06:10         76.0            300                50.0                       2    01:10
2023-03-13            05:30         81.0            410                50.0                       2    22:40
2023-03-14            05:30         86.0            410                50.0                       1    22:40
2023-03-15            05:30         68.0            320                50.0                       4    00:10
2023-03-16            05:30         86.0            390                50.0                       1    23:00
2023-03-17            05:30         84.0            380                50.0                       1    23:10
2023-03-18            06:20         68.0            380                40.0                       5    00:00
2023-03-19            05:30         64.0            320                30.0                       2    00:10
2023-03-20            05:20         84.0            380                70.0                       2    23:00
2023-03-21            05:15          NaN            340                 NaN                       2    23:35
2023-03-22            05:30         71.0            330                40.0                       2    00:00
2023-03-23            05:00         80.0            360                50.0                       2    23:00
2023-03-24            05:30         71.0            370                20.0                       1    23:20
2023-03-25            06:15         76.0            410                50.0                       3    23:25
2023-03-26            06:15         77.0            430                40.0                       2    23:05
2023-03-27            05:00         78.0            480                60.0                       4    21:00
2023-03-28            05:00         79.0            370                50.0                       2    22:50
2023-03-29            05:00         71.0            300                50.0                       2    00:00
2023-03-30            05:10         90.0            380                70.0                       5    22:50
2023-03-31            04:50         82.0            360                40.0                       1    22:50
INFO DatetimeIndex(['2023-03-01', '2023-03-02', '2023-03-03', '2023-03-04',
               '2023-03-06', '2023-03-10', '2023-03-11', '2023-03-13',
               '2023-03-14', '2023-03-15', '2023-03-16', '2023-03-17',
               '2023-03-18', '2023-03-19', '2023-03-20', '2023-03-21',
               '2023-03-22', '2023-03-23', '2023-03-24', '2023-03-25',
               '2023-03-26', '2023-03-27', '2023-03-28', '2023-03-29',
               '2023-03-30', '2023-03-31'],
              dtype='datetime64[ns]', name='measurement_day', freq=None)
INFO org_dataSize:26
INFO 26 < endDay: 31
INFO (31, 6)
INFO                 wakeup_time  sleep_score  sleeping_time  deep_sleeping_time  midnight_toilet_visits bed_time
measurement_day                                                                                             
2023-03-01            05:30         83.0          360.0                50.0                     0.0    23:30
2023-03-02            05:30         79.0          400.0                50.0                     3.0    22:50
2023-03-03            05:30         93.0          470.0                80.0                     1.0    21:40
2023-03-04            06:15         83.0          420.0                60.0                     2.0    23:15
2023-03-05              NaN          NaN            NaN                 NaN                     NaN      NaN
2023-03-06            05:30         84.0          430.0                80.0                     4.0    22:20
2023-03-07              NaN          NaN            NaN                 NaN                     NaN      NaN
2023-03-08              NaN          NaN            NaN                 NaN                     NaN      NaN
2023-03-09              NaN          NaN            NaN                 NaN                     NaN      NaN
2023-03-10            05:30         70.0          400.0                50.0                     1.0    22:50
2023-03-11            06:10         76.0          300.0                50.0                     2.0    01:10
2023-03-12              NaN          NaN            NaN                 NaN                     NaN      NaN
2023-03-13            05:30         81.0          410.0                50.0                     2.0    22:40
2023-03-14            05:30         86.0          410.0                50.0                     1.0    22:40
2023-03-15            05:30         68.0          320.0                50.0                     4.0    00:10
2023-03-16            05:30         86.0          390.0                50.0                     1.0    23:00
2023-03-17            05:30         84.0          380.0                50.0                     1.0    23:10
2023-03-18            06:20         68.0          380.0                40.0                     5.0    00:00
2023-03-19            05:30         64.0          320.0                30.0                     2.0    00:10
2023-03-20            05:20         84.0          380.0                70.0                     2.0    23:00
2023-03-21            05:15          NaN          340.0                 NaN                     2.0    23:35
2023-03-22            05:30         71.0          330.0                40.0                     2.0    00:00
2023-03-23            05:00         80.0          360.0                50.0                     2.0    23:00
2023-03-24            05:30         71.0          370.0                20.0                     1.0    23:20
2023-03-25            06:15         76.0          410.0                50.0                     3.0    23:25
2023-03-26            06:15         77.0          430.0                40.0                     2.0    23:05
2023-03-27            05:00         78.0          480.0                60.0                     4.0    21:00
2023-03-28            05:00         79.0          370.0                50.0                     2.0    22:50
2023-03-29            05:00         71.0          300.0                50.0                     2.0    00:00
2023-03-30            05:10         90.0          380.0                70.0                     5.0    22:50
2023-03-31            04:50         82.0          360.0                40.0                     1.0    22:50
INFO sleepingDiff:
measurement_day
2023-03-01    310.0
2023-03-02    350.0
2023-03-03    390.0
2023-03-04    360.0
2023-03-05      NaN
2023-03-06    350.0
2023-03-07      NaN
2023-03-08      NaN
2023-03-09      NaN
2023-03-10    350.0
2023-03-11    250.0
2023-03-12      NaN
2023-03-13    360.0
2023-03-14    360.0
2023-03-15    270.0
2023-03-16    340.0
2023-03-17    330.0
2023-03-18    340.0
2023-03-19    290.0
2023-03-20    310.0
2023-03-21      NaN
2023-03-22    290.0
2023-03-23    310.0
2023-03-24    350.0
2023-03-25    360.0
2023-03-26    390.0
2023-03-27    420.0
2023-03-28    320.0
2023-03-29    250.0
2023-03-30    310.0
2023-03-31    320.0
Freq: D, dtype: float64
INFO figure.dpi[px]: 0.01
INFO px[2.75]: 0.005
INFO fig_width_inch: 5.32, fig_height_inch: 8.52
INFO fig: Figure(532x852), ax_top: Axes(0.125,0.763333;0.775x0.116667), ax_main: Axes(0.125,0.11;0.775x0.583333)
INFO screen_shots/PlotSleepManBar2Plot_3_pandas_month.png
     76.0          300.0                50.0                     2.0    01:10
2023-03-12              NaN          NaN            NaN                 NaN                     NaN      NaN
2023-03-13            05:30         81.0          410.0                50.0                     2.0    22:40
2023-03-14            05:30         86.0          410.0                50.0                     1.0    22:40
2023-03-15            05:30         68.0          320.0                50.0                     4.0    00:10
2023-03-16            05:30         86.0          390.0                50.0                     1.0    23:00
2023-03-17            05:30         84.0          380.0                50.0                     1.0    23:10
2023-03-18            06:20         68.0          380.0                40.0                     5.0    00:00
2023-03-19            05:30         64.0          320.0                30.0                     2.0    00:10
2023-03-20            05:20         84.0          380.0                70.0                     2.0    23:00
2023-03-21            05:15          NaN          340.0                 NaN                     2.0    23:35
2023-03-22            05:30         71.0          330.0                40.0                     2.0    00:00
2023-03-23            05:00         80.0          360.0                50.0                     2.0    23:00
2023-03-24            05:30         71.0          370.0                20.0                     1.0    23:20
2023-03-25            06:15         76.0          410.0                50.0                     3.0    23:25
2023-03-26            06:15         77.0          430.0                40.0                     2.0    23:05
2023-03-27            05:00         78.0          480.0                60.0                     4.0    21:00
2023-03-28            05:00         79.0          370.0                50.0                     2.0    22:50
2023-03-29            05:00         71.0          300.0                50.0                     2.0    00:00
2023-03-30            05:10         90.0          380.0                70.0                     5.0    22:50
2023-03-31            04:50         82.0          360.0                40.0                     1.0    22:50
INFO sleepingDiff:
measurement_day
2023-03-01    310.0
2023-03-02    350.0
2023-03-03    390.0
2023-03-04    360.0
2023-03-05      NaN
2023-03-06    350.0
2023-03-07      NaN
2023-03-08      NaN
2023-03-09      NaN
2023-03-10    350.0
2023-03-11    250.0
2023-03-12      NaN
2023-03-13    360.0
2023-03-14    360.0
2023-03-15    270.0
2023-03-16    340.0
2023-03-17    330.0
2023-03-18    340.0
2023-03-19    290.0
2023-03-20    310.0
2023-03-21      NaN
2023-03-22    290.0
2023-03-23    310.0
2023-03-24    350.0
2023-03-25    360.0
2023-03-26    390.0
2023-03-27    420.0
2023-03-28    320.0
2023-03-29    250.0
2023-03-30    310.0
2023-03-31    320.0
Freq: D, dtype: float64
INFO figure.dpi[px]: 0.01
INFO px[2.75]: 0.005
INFO fig_width_inch: 5.32, fig_height_inch: 8.52
INFO fig: Figure(532x852), ax_top: Axes(0.125,0.763333;0.775x0.116667), ax_main: Axes(0.125,0.11;0.775x0.583333)
INFO screen_shots/PlotSleepManBar2Plot_3_pandas_month.png

