(py_healthcare_tool) $ python PlotSleepManBar2Plot_4_sqlalchemy_month.py --mail-address user1@examples.com --year-month 2023-03
INFO ['2023-03-01', '2023-03-02', '2023-03-03', '2023-03-04', '2023-03-05', '2023-03-06', '2023-03-07', '2023-03-08', '2023-03-09', '2023-03-10', '2023-03-11', '2023-03-12', '2023-03-13', '2023-03-14', '2023-03-15', '2023-03-16', '2023-03-17', '2023-03-18', '2023-03-19', '2023-03-20', '2023-03-21', '2023-03-22', '2023-03-23', '2023-03-24', '2023-03-25', '2023-03-26', '2023-03-27', '2023-03-28', '2023-03-29', '2023-03-30', '2023-03-31']
INFO Cls_sess_healthcare: <sqlalchemy.orm.scoping.scoped_session object at 0x7f27d9c76a70>
DEBUG 2023-03-01: SleepManJoined(wakeupTime='05:30', sleepScore=83, sleepingTime='06:00', deepSleepingTime='00:50', midnight_toilet_visits=0)
DEBUG 2023-03-02: SleepManJoined(wakeupTime='05:30', sleepScore=79, sleepingTime='06:40', deepSleepingTime='00:50', midnight_toilet_visits=3)
DEBUG 2023-03-03: SleepManJoined(wakeupTime='05:30', sleepScore=93, sleepingTime='07:50', deepSleepingTime='01:20', midnight_toilet_visits=1)
DEBUG 2023-03-04: SleepManJoined(wakeupTime='06:15', sleepScore=83, sleepingTime='07:00', deepSleepingTime='01:00', midnight_toilet_visits=2)
DEBUG 2023-03-06: SleepManJoined(wakeupTime='05:30', sleepScore=84, sleepingTime='07:10', deepSleepingTime='01:20', midnight_toilet_visits=4)
DEBUG 2023-03-10: SleepManJoined(wakeupTime='05:30', sleepScore=70, sleepingTime='06:40', deepSleepingTime='00:50', midnight_toilet_visits=1)
DEBUG 2023-03-11: SleepManJoined(wakeupTime='06:10', sleepScore=76, sleepingTime='05:00', deepSleepingTime='00:50', midnight_toilet_visits=2)
DEBUG 2023-03-13: SleepManJoined(wakeupTime='05:30', sleepScore=81, sleepingTime='06:50', deepSleepingTime='00:50', midnight_toilet_visits=2)
DEBUG 2023-03-14: SleepManJoined(wakeupTime='05:30', sleepScore=86, sleepingTime='06:50', deepSleepingTime='00:50', midnight_toilet_visits=1)
DEBUG 2023-03-15: SleepManJoined(wakeupTime='05:30', sleepScore=68, sleepingTime='05:20', deepSleepingTime='00:50', midnight_toilet_visits=4)
DEBUG 2023-03-16: SleepManJoined(wakeupTime='05:30', sleepScore=86, sleepingTime='06:30', deepSleepingTime='00:50', midnight_toilet_visits=1)
DEBUG 2023-03-17: SleepManJoined(wakeupTime='05:30', sleepScore=84, sleepingTime='06:20', deepSleepingTime='00:50', midnight_toilet_visits=1)
DEBUG 2023-03-18: SleepManJoined(wakeupTime='06:20', sleepScore=68, sleepingTime='06:20', deepSleepingTime='00:40', midnight_toilet_visits=5)
DEBUG 2023-03-19: SleepManJoined(wakeupTime='05:30', sleepScore=64, sleepingTime='05:20', deepSleepingTime='00:30', midnight_toilet_visits=2)
DEBUG 2023-03-20: SleepManJoined(wakeupTime='05:20', sleepScore=84, sleepingTime='06:20', deepSleepingTime='01:10', midnight_toilet_visits=2)
DEBUG 2023-03-21: SleepManJoined(wakeupTime='05:15', sleepScore=None, sleepingTime='05:40', deepSleepingTime=None, midnight_toilet_visits=2)
DEBUG 2023-03-22: SleepManJoined(wakeupTime='05:30', sleepScore=71, sleepingTime='05:30', deepSleepingTime='00:40', midnight_toilet_visits=2)
DEBUG 2023-03-23: SleepManJoined(wakeupTime='05:00', sleepScore=80, sleepingTime='06:00', deepSleepingTime='00:50', midnight_toilet_visits=2)
DEBUG 2023-03-24: SleepManJoined(wakeupTime='05:30', sleepScore=71, sleepingTime='06:10', deepSleepingTime='00:20', midnight_toilet_visits=1)
DEBUG 2023-03-25: SleepManJoined(wakeupTime='06:15', sleepScore=76, sleepingTime='06:50', deepSleepingTime='00:50', midnight_toilet_visits=3)
DEBUG 2023-03-26: SleepManJoined(wakeupTime='06:15', sleepScore=77, sleepingTime='07:10', deepSleepingTime='00:40', midnight_toilet_visits=2)
DEBUG 2023-03-27: SleepManJoined(wakeupTime='05:00', sleepScore=78, sleepingTime='08:00', deepSleepingTime='01:00', midnight_toilet_visits=4)
DEBUG 2023-03-28: SleepManJoined(wakeupTime='05:00', sleepScore=79, sleepingTime='06:10', deepSleepingTime='00:50', midnight_toilet_visits=2)
DEBUG 2023-03-29: SleepManJoined(wakeupTime='05:00', sleepScore=71, sleepingTime='05:00', deepSleepingTime='00:50', midnight_toilet_visits=2)
DEBUG 2023-03-30: SleepManJoined(wakeupTime='05:10', sleepScore=90, sleepingTime='06:20', deepSleepingTime='01:10', midnight_toilet_visits=5)
DEBUG 2023-03-31: SleepManJoined(wakeupTime='04:50', sleepScore=82, sleepingTime='06:00', deepSleepingTime='00:40', midnight_toilet_visits=1)
INFO dict_keys(['2023-03-01', '2023-03-02', '2023-03-03', '2023-03-04', '2023-03-06', '2023-03-10', '2023-03-11', '2023-03-13', '2023-03-14', '2023-03-15', '2023-03-16', '2023-03-17', '2023-03-18', '2023-03-19', '2023-03-20', '2023-03-21', '2023-03-22', '2023-03-23', '2023-03-24', '2023-03-25', '2023-03-26', '2023-03-27', '2023-03-28', '2023-03-29', '2023-03-30', '2023-03-31'])
INFO xTicksLabels:
['1 (水) 05:30', '2 (木) 05:30', '3 (金) 05:30', '4 (土) 06:15', '5 (日)      ', '6 (月) 05:30', '7 (火)      ', '8 (水)      ', '9 (木)      ', '10 (金) 05:30', '11 (土) 06:10', '12 (日)      ', '13 (月) 05:30', '14 (火) 05:30', '15 (水) 05:30', '16 (木) 05:30', '17 (金) 05:30', '18 (土) 06:20', '19 (日) 05:30', '20 (月) 05:20', '21 (火) 05:15', '22 (水) 05:30', '23 (木) 05:00', '24 (金) 05:30', '25 (土) 06:15', '26 (日) 06:15', '27 (月) 05:00', '28 (火) 05:00', '29 (水) 05:00', '30 (木) 05:10', '31 (金) 04:50']
INFO sleepScores:
[83, 79, 93, 83, None, 84, None, None, None, 70, 76, None, 81, 86, 68, 86, 84, 68, 64, 84, None, 71, 80, 71, 76, 77, 78, 79, 71, 90, 82]
INFO sleepingTimes:
['06:00', '06:40', '07:50', '07:00', None, '07:10', None, None, None, '06:40', '05:00', None, '06:50', '06:50', '05:20', '06:30', '06:20', '06:20', '05:20', '06:20', '05:40', '05:30', '06:00', '06:10', '06:50', '07:10', '08:00', '06:10', '05:00', '06:20', '06:00']
INFO deepSleepingTimes:
['00:50', '00:50', '01:20', '01:00', None, '01:20', None, None, None, '00:50', '00:50', None, '00:50', '00:50', '00:50', '00:50', '00:50', '00:40', '00:30', '01:10', None, '00:40', '00:50', '00:20', '00:50', '00:40', '01:00', '00:50', '00:50', '01:10', '00:40']
INFO bedTimes:
[datetime.datetime(2023, 2, 28, 23, 30), datetime.datetime(2023, 3, 1, 22, 50), datetime.datetime(2023, 3, 2, 21, 40), datetime.datetime(2023, 3, 3, 23, 15), None, datetime.datetime(2023, 3, 5, 22, 20), None, None, None, datetime.datetime(2023, 3, 9, 22, 50), datetime.datetime(2023, 3, 11, 1, 10), None, datetime.datetime(2023, 3, 12, 22, 40), datetime.datetime(2023, 3, 13, 22, 40), datetime.datetime(2023, 3, 15, 0, 10), datetime.datetime(2023, 3, 15, 23, 0), datetime.datetime(2023, 3, 16, 23, 10), datetime.datetime(2023, 3, 18, 0, 0), datetime.datetime(2023, 3, 19, 0, 10), datetime.datetime(2023, 3, 19, 23, 0), datetime.datetime(2023, 3, 20, 23, 35), datetime.datetime(2023, 3, 22, 0, 0), datetime.datetime(2023, 3, 22, 23, 0), datetime.datetime(2023, 3, 23, 23, 20), datetime.datetime(2023, 3, 24, 23, 25), datetime.datetime(2023, 3, 25, 23, 5), datetime.datetime(2023, 3, 26, 21, 0), datetime.datetime(2023, 3, 27, 22, 50), datetime.datetime(2023, 3, 29, 0, 0), datetime.datetime(2023, 3, 29, 22, 50), datetime.datetime(2023, 3, 30, 22, 50)]
INFO toiletVisits:
[0, 3, 1, 2, None, 4, None, None, None, 1, 2, None, 2, 1, 4, 1, 1, 5, 2, 2, 2, 2, 2, 1, 3, 2, 4, 2, 2, 5, 1]
INFO [83. 79. 93. 83. nan 84. nan nan nan 70. 76. nan 81. 86. 68. 86. 84. 68.
 64. 84. nan 71. 80. 71. 76. 77. 78. 79. 71. 90. 82.]
INFO [50. 50. 80. 60. nan 80. nan nan nan 50. 50. nan 50. 50. 50. 50. 50. 40.
 30. 70. nan 40. 50. 20. 50. 40. 60. 50. 50. 70. 40.]
INFO [360. 400. 470. 420.  nan 430.  nan  nan  nan 400. 300.  nan 410. 410.
 320. 390. 380. 380. 320. 380. 340. 330. 360. 370. 410. 430. 480. 370.
 300. 380. 360.]
INFO topXTicks:
['23:30', '22:50', '21:40', '23:15', '', '22:20', '', '', '', '22:50', '01:10', '', '22:40', '22:40', '00:10', '23:00', '23:10', '00:00', '00:10', '23:00', '23:35', '00:00', '23:00', '23:20', '23:25', '23:05', '21:00', '22:50', '00:00', '22:50', '22:50']
INFO toiletVisits:
[0, 3, 1, 2, nan, 4, nan, nan, nan, 1, 2, nan, 2, 1, 4, 1, 1, 5, 2, 2, 2, 2, 2, 1, 3, 2, 4, 2, 2, 5, 1]
INFO [310. 350. 390. 360.  nan 350.  nan  nan  nan 350. 250.  nan 360. 360.
 270. 340. 330. 340. 290. 310.  nan 290. 310. 350. 360. 390. 420. 320.
 250. 310. 320.]
INFO figure.dpi[px]: 0.01
INFO px[2.75]: 0.005
INFO fig_width_inch: 5.32, fig_height_inch: 8.52
INFO fig: Figure(532x852), ax_top: Axes(0.125,0.763333;0.775x0.116667), ax_main: Axes(0.125,0.11;0.775x0.583333)
INFO screen_shots/PlotSleepManBar2Plot_4_sqlalchemy_month.png

