(py_healthcare_tool) $ python PlotBloodPressBar_3_pandas_month.py --year-month 2023-03 --blood-press datas/csv/blood_pressure_202303.csv 
INFO Namespace(blood_press='datas/csv/blood_pressure_202303.csv', year_month='2023-03')
INFO DatetimeIndex(['2023-03-01', '2023-03-02', '2023-03-03', '2023-03-04',
               '2023-03-06', '2023-03-10', '2023-03-11', '2023-03-13',
               '2023-03-14', '2023-03-15', '2023-03-16', '2023-03-17',
               '2023-03-18', '2023-03-19', '2023-03-20', '2023-03-21',
               '2023-03-22', '2023-03-23', '2023-03-24', '2023-03-25',
               '2023-03-26', '2023-03-27', '2023-03-28', '2023-03-29',
               '2023-03-30', '2023-03-31'],
              dtype='datetime64[ns]', name='measurement_day', freq=None)
INFO org_dataSize:26
INFO 26 < endDay: 31
INFO (31, 7)
INFO                 measurement_day  morning_max  morning_min  morning_pulse_rate  evening_max  evening_min  evening_pulse_rate
measurement_day                                                                                                            
2023-03-01           2023-03-01        119.0         70.0                69.0        132.0         82.0                61.0
2023-03-02           2023-03-02        120.0         74.0                64.0        128.0         74.0                65.0
2023-03-03           2023-03-03        130.0         72.0                62.0        108.0         64.0                65.0
2023-03-04           2023-03-04        123.0         75.0                65.0        130.0         78.0                68.0
2023-03-05                  NaT          NaN          NaN                 NaN          NaN          NaN                 NaN
2023-03-06           2023-03-06        117.0         72.0                62.0        134.0         84.0                63.0
2023-03-07                  NaT          NaN          NaN                 NaN          NaN          NaN                 NaN
2023-03-08                  NaT          NaN          NaN                 NaN          NaN          NaN                 NaN
2023-03-09                  NaT          NaN          NaN                 NaN          NaN          NaN                 NaN
2023-03-10           2023-03-10        124.0         76.0                73.0        137.0         80.0                57.0
2023-03-11           2023-03-11        120.0         73.0                74.0        126.0         70.0                59.0
2023-03-12                  NaT          NaN          NaN                 NaN          NaN          NaN                 NaN
2023-03-13           2023-03-13        114.0         68.0                65.0        122.0         73.0                65.0
2023-03-14           2023-03-14        122.0         70.0                62.0        101.0         63.0                67.0
2023-03-15           2023-03-15        109.0         71.0                68.0        122.0         69.0                66.0
2023-03-16           2023-03-16        117.0         68.0                63.0        135.0         80.0                65.0
2023-03-17           2023-03-17        132.0         72.0                61.0        105.0         62.0                64.0
2023-03-18           2023-03-18        115.0         73.0                66.0        156.0         86.0                58.0
2023-03-19           2023-03-19        116.0         72.0                68.0        143.0         86.0                57.0
2023-03-20           2023-03-20        116.0         71.0                69.0        158.0         88.0                61.0
2023-03-21           2023-03-21        123.0         79.0                75.0          NaN          NaN                 NaN
2023-03-22           2023-03-22        125.0         79.0                75.0        142.0         81.0                60.0
2023-03-23           2023-03-23        121.0         76.0                65.0        131.0         72.0                67.0
2023-03-24           2023-03-24        123.0         69.0                68.0        112.0         67.0                68.0
2023-03-25           2023-03-25        126.0         72.0                68.0        141.0         80.0                62.0
2023-03-26           2023-03-26        125.0         64.0                59.0        123.0         74.0                63.0
2023-03-27           2023-03-27        118.0         77.0                75.0        132.0         76.0                69.0
2023-03-28           2023-03-28        123.0         79.0                72.0        120.0         73.0                74.0
2023-03-29           2023-03-29        128.0         68.0                69.0        124.0         73.0                73.0
2023-03-30           2023-03-30        115.0         69.0                66.0        120.0         74.0                73.0
2023-03-31           2023-03-31        123.0         71.0                66.0        111.0         72.0                77.0
INFO xTicksLabels:
['1 (水)', '', '2 (木)', '', '3 (金)', '', '4 (土)', '', '5 (日)', '', '6 (月)', '', '7 (火)', '', '8 (水)', '', '9 (木)', '', '10 (金)', '', '11 (土)', '', '12 (日)', '', '13 (月)', '', '14 (火)', '', '15 (水)', '', '16 (木)', '', '17 (金)', '', '18 (土)', '', '19 (日)', '', '20 (月)', '', '21 (火)', '', '22 (水)', '', '23 (木)', '', '24 (金)', '', '25 (土)', '', '26 (日)', '', '27 (月)', '', '28 (火)', '', '29 (水)', '', '30 (木)', '', '31 (金)', '']
INFO pressMaxValues:
[119. 132. 120. 128. 130. 108. 123. 130.  nan  nan 117. 134.  nan  nan
  nan  nan  nan  nan 124. 137. 120. 126.  nan  nan 114. 122. 122. 101.
 109. 122. 117. 135. 132. 105. 115. 156. 116. 143. 116. 158. 123.  nan
 125. 142. 121. 131. 123. 112. 126. 141. 125. 123. 118. 132. 123. 120.
 128. 124. 115. 120. 123. 111.]
INFO pressMinValues:
[70. 82. 74. 74. 72. 64. 75. 78. nan nan 72. 84. nan nan nan nan nan nan
 76. 80. 73. 70. nan nan 68. 73. 70. 63. 71. 69. 68. 80. 72. 62. 73. 86.
 72. 86. 71. 88. 79. nan 79. 81. 76. 72. 69. 67. 72. 80. 64. 74. 77. 76.
 79. 73. 68. 73. 69. 74. 71. 72.]
INFO pulseRateValues:
[69. 61. 64. 65. 62. 65. 65. 68. nan nan 62. 63. nan nan nan nan nan nan
 73. 57. 74. 59. nan nan 65. 65. 62. 67. 68. 66. 63. 65. 61. 64. 66. 58.
 68. 57. 69. 61. 75. nan 75. 60. 65. 67. 68. 68. 68. 62. 59. 63. 75. 69.
 72. 74. 69. 73. 66. 73. 66. 77.]
INFO yLimMin=40.0, yLimMax=170.0
INFO figure.dpi[px]: 0.01
INFO px[2.75]: 0.005
INFO fig_width_inch: 5.32, fig_height_inch: 8.52
INFO fig: Figure(532x852), axes: Axes(0.125,0.11;0.775x0.77)
INFO screen_shots/PlotBloodPressBar_3_pandas_month.png

